[debug] [2021-09-30T03:12:00.236Z] ----------------------------------------------------------------------
[debug] [2021-09-30T03:12:00.238Z] Command:       /usr/local/bin/node /usr/local/bin/firebase init
[debug] [2021-09-30T03:12:00.238Z] CLI Version:   9.19.0
[debug] [2021-09-30T03:12:00.238Z] Platform:      darwin
[debug] [2021-09-30T03:12:00.238Z] Node Version:  v14.18.0
[debug] [2021-09-30T03:12:00.239Z] Time:          Thu Sep 30 2021 11:12:00 GMT+0800 (Singapore Standard Time)
[debug] [2021-09-30T03:12:00.239Z] ----------------------------------------------------------------------
[debug] 
[debug] [2021-09-30T03:12:00.283Z] Object "" in "firebase.json" has unknown property: {"additionalProperty":"rules"}
[debug] [2021-09-30T03:12:00.286Z] > command requires scopes: ["email","openid","https://www.googleapis.com/auth/cloudplatformprojects.readonly","https://www.googleapis.com/auth/firebase","https://www.googleapis.com/auth/cloud-platform"]
[debug] [2021-09-30T03:12:00.286Z] > authorizing via signed-in user (tamelly1306@gmail.com)
[debug] [2021-09-30T03:12:00.287Z] Object "" in "firebase.json" has unknown property: {"additionalProperty":"rules"}
[info] 
     ######## #### ########  ######## ########     ###     ######  ########
     ##        ##  ##     ## ##       ##     ##  ##   ##  ##       ##
     ######    ##  ########  ######   ########  #########  ######  ######
     ##        ##  ##    ##  ##       ##     ## ##     ##       ## ##
     ##       #### ##     ## ######## ########  ##     ##  ######  ########

You're about to initialize a Firebase project in this directory:

  /Users/termehlee/Documents/react-app

Before we get started, keep in mind:

  * You are initializing within an existing Firebase project directory

[info] 
=== Project Setup
[info] 
[info] First, let's associate this project directory with a Firebase project.
[info] You can create multiple project aliases by running firebase use --add, 
[info] but for now we'll just set up a default project.
[info] 
[debug] [2021-09-30T03:12:25.293Z] > refreshing access token with scopes: []
[debug] [2021-09-30T03:12:25.293Z] >>> HTTP REQUEST POST https://www.googleapis.com/oauth2/v3/token  
 <request body omitted>
[debug] [2021-09-30T03:12:25.782Z] <<< HTTP RESPONSE 200 {"date":"Thu, 30 Sep 2021 03:12:25 GMT","pragma":"no-cache","expires":"Mon, 01 Jan 1990 00:00:00 GMT","cache-control":"no-cache, no-store, max-age=0, must-revalidate","content-type":"application/json; charset=utf-8","vary":"X-Origin, Referer, Origin,Accept-Encoding","server":"scaffolding on HTTPServer2","x-xss-protection":"0","x-frame-options":"SAMEORIGIN","x-content-type-options":"nosniff","alt-svc":"h3=\":443\"; ma=2592000,h3-29=\":443\"; ma=2592000,h3-T051=\":443\"; ma=2592000,h3-Q050=\":443\"; ma=2592000,h3-Q046=\":443\"; ma=2592000,h3-Q043=\":443\"; ma=2592000,quic=\":443\"; ma=2592000; v=\"46,43\"","accept-ranges":"none","transfer-encoding":"chunked"}
[debug] [2021-09-30T03:12:25.838Z] >>> [apiv2][query] GET https://firebase.googleapis.com/v1beta1/projects/techtreck-8a422 [none]
[debug] [2021-09-30T03:12:26.119Z] <<< [apiv2][status] GET https://firebase.googleapis.com/v1beta1/projects/techtreck-8a422 200
[debug] [2021-09-30T03:12:26.119Z] <<< [apiv2][body] GET https://firebase.googleapis.com/v1beta1/projects/techtreck-8a422 {"projectId":"techtreck-8a422","projectNumber":"634362721671","displayName":"TechTrek","name":"projects/techtreck-8a422","resources":{"hostingSite":"techtreck-8a422","realtimeDatabaseInstance":"techtreck-8a422-default-rtdb","storageBucket":"techtreck-8a422.appspot.com","locationId":"asia-northeast3"},"state":"ACTIVE"}
[info] i  Using project techtreck-8a422 (TechTrek) 
[info] 
=== Database Setup
[info] i  database: ensuring required API firebasedatabase.googleapis.com is enabled... 
[debug] [2021-09-30T03:12:26.148Z] > refreshing access token with scopes: ["email","https://www.googleapis.com/auth/cloud-platform","https://www.googleapis.com/auth/cloudplatformprojects.readonly","https://www.googleapis.com/auth/firebase","openid"]
[debug] [2021-09-30T03:12:26.148Z] >>> HTTP REQUEST POST https://www.googleapis.com/oauth2/v3/token  
 <request body omitted>
[debug] [2021-09-30T03:12:26.194Z] <<< HTTP RESPONSE 200 {"date":"Thu, 30 Sep 2021 03:12:26 GMT","pragma":"no-cache","cache-control":"no-cache, no-store, max-age=0, must-revalidate","expires":"Mon, 01 Jan 1990 00:00:00 GMT","content-type":"application/json; charset=utf-8","vary":"X-Origin, Referer, Origin,Accept-Encoding","server":"scaffolding on HTTPServer2","x-xss-protection":"0","x-frame-options":"SAMEORIGIN","x-content-type-options":"nosniff","alt-svc":"h3=\":443\"; ma=2592000,h3-29=\":443\"; ma=2592000,h3-T051=\":443\"; ma=2592000,h3-Q050=\":443\"; ma=2592000,h3-Q046=\":443\"; ma=2592000,h3-Q043=\":443\"; ma=2592000,quic=\":443\"; ma=2592000; v=\"46,43\"","accept-ranges":"none","transfer-encoding":"chunked"}
[debug] [2021-09-30T03:12:26.241Z] >>> HTTP REQUEST GET https://serviceusage.googleapis.com/v1/projects/techtreck-8a422/services/firebasedatabase.googleapis.com  
 
[debug] [2021-09-30T03:12:28.668Z] <<< HTTP RESPONSE 200 {"content-type":"application/json; charset=UTF-8","vary":"X-Origin, Referer, Origin,Accept-Encoding","date":"Thu, 30 Sep 2021 03:12:28 GMT","server":"ESF","cache-control":"private","x-xss-protection":"0","x-frame-options":"SAMEORIGIN","x-content-type-options":"nosniff","alt-svc":"h3=\":443\"; ma=2592000,h3-29=\":443\"; ma=2592000,h3-T051=\":443\"; ma=2592000,h3-Q050=\":443\"; ma=2592000,h3-Q046=\":443\"; ma=2592000,h3-Q043=\":443\"; ma=2592000,quic=\":443\"; ma=2592000; v=\"46,43\"","accept-ranges":"none","transfer-encoding":"chunked"}
[info] ✔  database: required API firebasedatabase.googleapis.com is enabled 
[info] 
[debug] [2021-09-30T03:12:28.670Z] >>> HTTP REQUEST GET https://firebasedatabase.googleapis.com/v1beta/projects/techtreck-8a422/locations/-/instances/techtreck-8a422-default-rtdb  
 
[debug] [2021-09-30T03:12:29.182Z] <<< HTTP RESPONSE 200 {"content-type":"application/json; charset=UTF-8","vary":"X-Origin, Referer, Origin,Accept-Encoding","date":"Thu, 30 Sep 2021 03:12:29 GMT","server":"ESF","cache-control":"private","x-xss-protection":"0","x-frame-options":"SAMEORIGIN","x-content-type-options":"nosniff","alt-svc":"h3=\":443\"; ma=2592000,h3-29=\":443\"; ma=2592000,h3-T051=\":443\"; ma=2592000,h3-Q050=\":443\"; ma=2592000,h3-Q046=\":443\"; ma=2592000,h3-Q043=\":443\"; ma=2592000,quic=\":443\"; ma=2592000; v=\"46,43\"","accept-ranges":"none","transfer-encoding":"chunked"}
[info] 
[info] Firebase Realtime Database Security Rules allow you to define how your data should be
[info] structured and when your data can be read from and written to.
[info] 
[debug] [2021-09-30T03:12:29.187Z] >>> HTTP REQUEST GET https://techtreck-8a422-default-rtdb.asia-southeast1.firebasedatabase.app/.settings/rules.json  
 
[debug] [2021-09-30T03:12:29.250Z] <<< HTTP RESPONSE 200 {"server":"nginx","date":"Thu, 30 Sep 2021 03:12:29 GMT","content-type":"application/json; charset=utf-8","content-length":"161","connection":"keep-alive","access-control-allow-origin":"*","cache-control":"no-cache","strict-transport-security":"max-age=31556926; includeSubDomains; preload"}
[debug] [2021-09-30T03:12:29.285Z] TypeError [ERR_INVALID_ARG_TYPE]: The "path" argument must be of type string. Received an instance of Object
    at new NodeError (internal/errors.js:322:7)
    at validateString (internal/validators.js:124:11)
    at Object.join (path.js:1148:7)
    at Config.path (/usr/local/lib/node_modules/firebase-tools/lib/config.js:115:45)
    at Config.writeProjectFile (/usr/local/lib/node_modules/firebase-tools/lib/config.js:144:32)
    at writeDBRules (/usr/local/lib/node_modules/firebase-tools/lib/init/features/database.js:27:12)
    at Object.doSetup [as database] (/usr/local/lib/node_modules/firebase-tools/lib/init/features/database.js:117:13)
    at processTicksAndRejections (internal/process/task_queues.js:95:5)
    at async init (/usr/local/lib/node_modules/firebase-tools/lib/init/index.js:19:9)
[error] 
[error] Error: An unexpected error has occurred.
[debug] [2021-09-30T03:14:58.154Z] ----------------------------------------------------------------------
[debug] [2021-09-30T03:14:58.158Z] Command:       /usr/local/bin/node /usr/local/bin/firebase init
[debug] [2021-09-30T03:14:58.159Z] CLI Version:   9.19.0
[debug] [2021-09-30T03:14:58.159Z] Platform:      darwin
[debug] [2021-09-30T03:14:58.159Z] Node Version:  v14.18.0
[debug] [2021-09-30T03:14:58.161Z] Time:          Thu Sep 30 2021 11:14:58 GMT+0800 (Singapore Standard Time)
[debug] [2021-09-30T03:14:58.162Z] ----------------------------------------------------------------------
[debug] 
[debug] [2021-09-30T03:14:58.245Z] Object "" in "firebase.json" has unknown property: {"additionalProperty":"rules"}
[debug] [2021-09-30T03:14:58.249Z] > command requires scopes: ["email","openid","https://www.googleapis.com/auth/cloudplatformprojects.readonly","https://www.googleapis.com/auth/firebase","https://www.googleapis.com/auth/cloud-platform"]
[debug] [2021-09-30T03:14:58.250Z] > authorizing via signed-in user (tamelly1306@gmail.com)
[debug] [2021-09-30T03:14:58.250Z] Object "" in "firebase.json" has unknown property: {"additionalProperty":"rules"}
[info] 
     ######## #### ########  ######## ########     ###     ######  ########
     ##        ##  ##     ## ##       ##     ##  ##   ##  ##       ##
     ######    ##  ########  ######   ########  #########  ######  ######
     ##        ##  ##    ##  ##       ##     ## ##     ##       ## ##
     ##       #### ##     ## ######## ########  ##     ##  ######  ########

You're about to initialize a Firebase project in this directory:

  /Users/termehlee/Documents/react-app

Before we get started, keep in mind:

  * You are initializing within an existing Firebase project directory

